<?xml version="1.0" encoding="UTF-8"?>
<testng-results skipped="0" failed="0" total="1" passed="1">
  <reporter-output>
  </reporter-output>
  <suite name="Default suite" duration-ms="29085" started-at="2016-02-09T18:41:14Z" finished-at="2016-02-09T18:41:43Z">
    <groups>
    </groups>
    <test name="Default test" duration-ms="29085" started-at="2016-02-09T18:41:14Z" finished-at="2016-02-09T18:41:43Z">
      <class name="TestCases.Login">
        <test-method status="PASS" signature="Login()[pri:0, instance:TestCases.Login@2752f6e2]" name="Login" duration-ms="28968" started-at="2016-02-09T13:41:14Z" finished-at="2016-02-09T13:41:43Z">
          <reporter-output>
          </reporter-output>
        </test-method> <!-- Login -->
      </class> <!-- TestCases.Login -->
    </test> <!-- Default test -->
  </suite> <!-- Default suite -->
</testng-results>
