<?xml version="1.0" encoding="UTF-8"?>
<testng-results skipped="0" failed="0" total="2" passed="2">
  <reporter-output>
  </reporter-output>
  <suite name="Default suite" duration-ms="35003" started-at="2016-02-09T21:16:41Z" finished-at="2016-02-09T21:17:16Z">
    <groups>
    </groups>
    <test name="Default test" duration-ms="35003" started-at="2016-02-09T21:16:41Z" finished-at="2016-02-09T21:17:16Z">
      <class name="TestCases.Login">
        <test-method status="PASS" signature="beforeclass()[pri:0, instance:TestCases.Login@5f8e8a9d]" name="beforeclass" is-config="true" duration-ms="5360" started-at="2016-02-09T16:16:41Z" finished-at="2016-02-09T16:16:47Z">
          <reporter-output>
          </reporter-output>
        </test-method> <!-- beforeclass -->
        <test-method status="PASS" signature="Login()[pri:0, instance:TestCases.Login@5f8e8a9d]" name="Login" duration-ms="27968" started-at="2016-02-09T16:16:47Z" finished-at="2016-02-09T16:17:15Z">
          <reporter-output>
          </reporter-output>
        </test-method> <!-- Login -->
        <test-method status="PASS" signature="SearchBox()[pri:0, instance:TestCases.Login@5f8e8a9d]" name="SearchBox" duration-ms="1372" started-at="2016-02-09T16:17:15Z" finished-at="2016-02-09T16:17:16Z">
          <reporter-output>
          </reporter-output>
        </test-method> <!-- SearchBox -->
      </class> <!-- TestCases.Login -->
    </test> <!-- Default test -->
  </suite> <!-- Default suite -->
</testng-results>
